build/app/intermediates/manifest_merge_blame_file/debug/processDebugMainManifest/manifest-merger-blame-debug-report.txt
1<?xml version="1.0" encoding="utf-8"?>
2<manifest xmlns:android="http://schemas.android.com/apk/res/android"
3    package="com.example.cherry_mvp"
4    android:versionCode="1"
5    android:versionName="0.0.1" >
6
7    <uses-sdk
8        android:minSdkVersion="23"
9        android:targetSdkVersion="35" />
10    <!--
11         The INTERNET permission is required for development. Specifically,
12         the Flutter tool needs it to communicate with the running application
13         to allow setting breakpoints, to provide hot reload, etc.
14    -->
15    <uses-permission android:name="android.permission.INTERNET" />
15-->src/debug/AndroidManifest.xml:6:5-66
15-->src/debug/AndroidManifest.xml:6:22-64
16    <!--
17     Required to query activities that can process text, see:
18         https://developer.android.com/training/package-visibility and
19         https://developer.android.com/reference/android/content/Intent#ACTION_PROCESS_TEXT.
20
21         In particular, this is used by the Flutter engine in io.flutter.plugin.text.ProcessTextPlugin.
22    -->
23    <queries>
23-->src/main/AndroidManifest.xml:39:5-44:15
24        <intent>
24-->src/main/AndroidManifest.xml:40:9-43:18
25            <action android:name="android.intent.action.PROCESS_TEXT" />
25-->src/main/AndroidManifest.xml:41:13-72
25-->src/main/AndroidManifest.xml:41:21-70
26
27            <data android:mimeType="text/plain" />
27-->src/main/AndroidManifest.xml:42:13-50
27-->src/main/AndroidManifest.xml:42:19-48
28        </intent>
29    </queries>
30
31    <uses-permission android:name="android.permission.ACCESS_NETWORK_STATE" />
31-->[com.google.firebase:firebase-auth:23.2.0] AndroidManifest.xml:26:5-79
31-->[com.google.firebase:firebase-auth:23.2.0] AndroidManifest.xml:26:22-76
32    <uses-permission android:name="android.permission.WAKE_LOCK" /> <!-- Required by older versions of Google Play services to create IID tokens -->
32-->[com.google.firebase:firebase-iid:21.1.0] AndroidManifest.xml:24:5-68
32-->[com.google.firebase:firebase-iid:21.1.0] AndroidManifest.xml:24:22-65
33    <uses-permission android:name="com.google.android.c2dm.permission.RECEIVE" />
33-->[com.google.firebase:firebase-iid:21.1.0] AndroidManifest.xml:26:5-82
33-->[com.google.firebase:firebase-iid:21.1.0] AndroidManifest.xml:26:22-79
34    <uses-permission android:name="com.google.android.providers.gsf.permission.READ_GSERVICES" />
34-->[com.google.android.recaptcha:recaptcha:18.6.1] AndroidManifest.xml:9:5-98
34-->[com.google.android.recaptcha:recaptcha:18.6.1] AndroidManifest.xml:9:22-95
35
36    <permission
36-->[androidx.core:core:1.13.1] AndroidManifest.xml:22:5-24:47
37        android:name="com.example.cherry_mvp.DYNAMIC_RECEIVER_NOT_EXPORTED_PERMISSION"
37-->[androidx.core:core:1.13.1] AndroidManifest.xml:23:9-81
38        android:protectionLevel="signature" />
38-->[androidx.core:core:1.13.1] AndroidManifest.xml:24:9-44
39
40    <uses-permission android:name="com.example.cherry_mvp.DYNAMIC_RECEIVER_NOT_EXPORTED_PERMISSION" />
40-->[androidx.core:core:1.13.1] AndroidManifest.xml:26:5-97
40-->[androidx.core:core:1.13.1] AndroidManifest.xml:26:22-94
41
42    <application
43        android:name="android.app.Application"
44        android:appComponentFactory="androidx.core.app.CoreComponentFactory"
44-->[androidx.core:core:1.13.1] AndroidManifest.xml:28:18-86
45        android:debuggable="true"
46        android:extractNativeLibs="false"
47        android:icon="@mipmap/ic_launcher"
48        android:label="cherry_mvp" >
49        <activity
50            android:name="com.example.cherry_mvp.MainActivity"
51            android:configChanges="orientation|keyboardHidden|keyboard|screenSize|smallestScreenSize|locale|layoutDirection|fontScale|screenLayout|density|uiMode"
52            android:exported="true"
53            android:hardwareAccelerated="true"
54            android:launchMode="singleTop"
55            android:taskAffinity=""
56            android:theme="@style/LaunchTheme"
57            android:windowSoftInputMode="adjustResize" >
58
59            <!--
60                 Specifies an Android theme to apply to this Activity as soon as
61                 the Android process has started. This theme is visible to the user
62                 while the Flutter UI initializes. After that, this theme continues
63                 to determine the Window background behind the Flutter UI.
64            -->
65            <meta-data
66                android:name="io.flutter.embedding.android.NormalTheme"
67                android:resource="@style/NormalTheme" />
68
69            <intent-filter>
70                <action android:name="android.intent.action.MAIN" />
71
72                <category android:name="android.intent.category.LAUNCHER" />
73            </intent-filter>
74        </activity>
75        <!--
76             Don't delete the meta-data below.
77             This is used by the Flutter tool to generate GeneratedPluginRegistrant.java
78        -->
79        <meta-data
80            android:name="flutterEmbedding"
81            android:value="2" />
82
83        <service
83-->[:firebase_auth] AndroidManifest.xml:8:9-12:19
84            android:name="com.google.firebase.components.ComponentDiscoveryService"
84-->[:firebase_auth] AndroidManifest.xml:8:18-89
85            android:directBootAware="true"
85-->[com.google.firebase:firebase-common:21.0.0] AndroidManifest.xml:32:13-43
86            android:exported="false" >
86-->[com.google.firebase:firebase-auth:23.2.0] AndroidManifest.xml:68:13-37
87            <meta-data
87-->[:firebase_auth] AndroidManifest.xml:9:13-11:85
88                android:name="com.google.firebase.components:io.flutter.plugins.firebase.auth.FlutterFirebaseAuthRegistrar"
88-->[:firebase_auth] AndroidManifest.xml:10:17-124
89                android:value="com.google.firebase.components.ComponentRegistrar" />
89-->[:firebase_auth] AndroidManifest.xml:11:17-82
90            <meta-data
90-->[:cloud_firestore] AndroidManifest.xml:9:13-11:85
91                android:name="com.google.firebase.components:io.flutter.plugins.firebase.firestore.FlutterFirebaseFirestoreRegistrar"
91-->[:cloud_firestore] AndroidManifest.xml:10:17-134
92                android:value="com.google.firebase.components.ComponentRegistrar" />
92-->[:cloud_firestore] AndroidManifest.xml:11:17-82
93            <meta-data
93-->[:cloud_functions] AndroidManifest.xml:9:13-11:85
94                android:name="com.google.firebase.components:io.flutter.plugins.firebase.functions.FlutterFirebaseAppRegistrar"
94-->[:cloud_functions] AndroidManifest.xml:10:17-128
95                android:value="com.google.firebase.components.ComponentRegistrar" />
95-->[:cloud_functions] AndroidManifest.xml:11:17-82
96            <meta-data
96-->[:firebase_storage] AndroidManifest.xml:9:13-11:85
97                android:name="com.google.firebase.components:io.flutter.plugins.firebase.storage.FlutterFirebaseAppRegistrar"
97-->[:firebase_storage] AndroidManifest.xml:10:17-126
98                android:value="com.google.firebase.components.ComponentRegistrar" />
98-->[:firebase_storage] AndroidManifest.xml:11:17-82
99            <meta-data
99-->[:firebase_core] AndroidManifest.xml:9:13-11:85
100                android:name="com.google.firebase.components:io.flutter.plugins.firebase.core.FlutterFirebaseCoreRegistrar"
100-->[:firebase_core] AndroidManifest.xml:10:17-124
101                android:value="com.google.firebase.components.ComponentRegistrar" />
101-->[:firebase_core] AndroidManifest.xml:11:17-82
102            <meta-data
102-->[com.google.firebase:firebase-auth:23.2.0] AndroidManifest.xml:69:13-71:85
103                android:name="com.google.firebase.components:com.google.firebase.auth.FirebaseAuthRegistrar"
103-->[com.google.firebase:firebase-auth:23.2.0] AndroidManifest.xml:70:17-109
104                android:value="com.google.firebase.components.ComponentRegistrar" />
104-->[com.google.firebase:firebase-auth:23.2.0] AndroidManifest.xml:71:17-82
105            <meta-data
105-->[com.google.firebase:firebase-firestore:25.1.3] AndroidManifest.xml:17:13-19:85
106                android:name="com.google.firebase.components:com.google.firebase.firestore.FirebaseFirestoreKtxRegistrar"
106-->[com.google.firebase:firebase-firestore:25.1.3] AndroidManifest.xml:18:17-122
107                android:value="com.google.firebase.components.ComponentRegistrar" />
107-->[com.google.firebase:firebase-firestore:25.1.3] AndroidManifest.xml:19:17-82
108            <meta-data
108-->[com.google.firebase:firebase-firestore:25.1.3] AndroidManifest.xml:20:13-22:85
109                android:name="com.google.firebase.components:com.google.firebase.firestore.FirestoreRegistrar"
109-->[com.google.firebase:firebase-firestore:25.1.3] AndroidManifest.xml:21:17-111
110                android:value="com.google.firebase.components.ComponentRegistrar" />
110-->[com.google.firebase:firebase-firestore:25.1.3] AndroidManifest.xml:22:17-82
111            <meta-data
111-->[com.google.firebase:firebase-functions:21.2.0] AndroidManifest.xml:15:13-17:85
112                android:name="com.google.firebase.components:com.google.firebase.functions.FirebaseFunctionsKtxRegistrar"
112-->[com.google.firebase:firebase-functions:21.2.0] AndroidManifest.xml:16:17-122
113                android:value="com.google.firebase.components.ComponentRegistrar" />
113-->[com.google.firebase:firebase-functions:21.2.0] AndroidManifest.xml:17:17-82
114            <meta-data
114-->[com.google.firebase:firebase-functions:21.2.0] AndroidManifest.xml:18:13-20:85
115                android:name="com.google.firebase.components:com.google.firebase.functions.FunctionsRegistrar"
115-->[com.google.firebase:firebase-functions:21.2.0] AndroidManifest.xml:19:17-111
116                android:value="com.google.firebase.components.ComponentRegistrar" />
116-->[com.google.firebase:firebase-functions:21.2.0] AndroidManifest.xml:20:17-82
117            <meta-data
117-->[com.google.firebase:firebase-storage:21.0.1] AndroidManifest.xml:30:13-32:85
118                android:name="com.google.firebase.components:com.google.firebase.storage.FirebaseStorageKtxRegistrar"
118-->[com.google.firebase:firebase-storage:21.0.1] AndroidManifest.xml:31:17-118
119                android:value="com.google.firebase.components.ComponentRegistrar" />
119-->[com.google.firebase:firebase-storage:21.0.1] AndroidManifest.xml:32:17-82
120            <meta-data
120-->[com.google.firebase:firebase-storage:21.0.1] AndroidManifest.xml:33:13-35:85
121                android:name="com.google.firebase.components:com.google.firebase.storage.StorageRegistrar"
121-->[com.google.firebase:firebase-storage:21.0.1] AndroidManifest.xml:34:17-107
122                android:value="com.google.firebase.components.ComponentRegistrar" />
122-->[com.google.firebase:firebase-storage:21.0.1] AndroidManifest.xml:35:17-82
123            <meta-data
123-->[com.google.firebase:firebase-appcheck:18.0.0] AndroidManifest.xml:25:13-27:85
124                android:name="com.google.firebase.components:com.google.firebase.appcheck.FirebaseAppCheckKtxRegistrar"
124-->[com.google.firebase:firebase-appcheck:18.0.0] AndroidManifest.xml:26:17-120
125                android:value="com.google.firebase.components.ComponentRegistrar" />
125-->[com.google.firebase:firebase-appcheck:18.0.0] AndroidManifest.xml:27:17-82
126            <meta-data
126-->[com.google.firebase:firebase-appcheck:18.0.0] AndroidManifest.xml:28:13-30:85
127                android:name="com.google.firebase.components:com.google.firebase.appcheck.FirebaseAppCheckRegistrar"
127-->[com.google.firebase:firebase-appcheck:18.0.0] AndroidManifest.xml:29:17-117
128                android:value="com.google.firebase.components.ComponentRegistrar" />
128-->[com.google.firebase:firebase-appcheck:18.0.0] AndroidManifest.xml:30:17-82
129            <meta-data
129-->[com.google.firebase:firebase-iid:21.1.0] AndroidManifest.xml:32:13-34:85
130                android:name="com.google.firebase.components:com.google.firebase.iid.Registrar"
130-->[com.google.firebase:firebase-iid:21.1.0] AndroidManifest.xml:33:17-96
131                android:value="com.google.firebase.components.ComponentRegistrar" />
131-->[com.google.firebase:firebase-iid:21.1.0] AndroidManifest.xml:34:17-82
132            <meta-data
132-->[com.google.firebase:firebase-installations:18.0.0] AndroidManifest.xml:15:13-17:85
133                android:name="com.google.firebase.components:com.google.firebase.installations.FirebaseInstallationsKtxRegistrar"
133-->[com.google.firebase:firebase-installations:18.0.0] AndroidManifest.xml:16:17-130
134                android:value="com.google.firebase.components.ComponentRegistrar" />
134-->[com.google.firebase:firebase-installations:18.0.0] AndroidManifest.xml:17:17-82
135            <meta-data
135-->[com.google.firebase:firebase-installations:18.0.0] AndroidManifest.xml:18:13-20:85
136                android:name="com.google.firebase.components:com.google.firebase.installations.FirebaseInstallationsRegistrar"
136-->[com.google.firebase:firebase-installations:18.0.0] AndroidManifest.xml:19:17-127
137                android:value="com.google.firebase.components.ComponentRegistrar" />
137-->[com.google.firebase:firebase-installations:18.0.0] AndroidManifest.xml:20:17-82
138            <meta-data
138-->[com.google.firebase:firebase-common-ktx:21.0.0] AndroidManifest.xml:12:13-14:85
139                android:name="com.google.firebase.components:com.google.firebase.ktx.FirebaseCommonLegacyRegistrar"
139-->[com.google.firebase:firebase-common-ktx:21.0.0] AndroidManifest.xml:13:17-116
140                android:value="com.google.firebase.components.ComponentRegistrar" />
140-->[com.google.firebase:firebase-common-ktx:21.0.0] AndroidManifest.xml:14:17-82
141            <meta-data
141-->[com.google.firebase:firebase-common:21.0.0] AndroidManifest.xml:35:13-37:85
142                android:name="com.google.firebase.components:com.google.firebase.FirebaseCommonKtxRegistrar"
142-->[com.google.firebase:firebase-common:21.0.0] AndroidManifest.xml:36:17-109
143                android:value="com.google.firebase.components.ComponentRegistrar" />
143-->[com.google.firebase:firebase-common:21.0.0] AndroidManifest.xml:37:17-82
144        </service>
145
146        <activity
146-->[com.google.firebase:firebase-auth:23.2.0] AndroidManifest.xml:29:9-46:20
147            android:name="com.google.firebase.auth.internal.GenericIdpActivity"
147-->[com.google.firebase:firebase-auth:23.2.0] AndroidManifest.xml:30:13-80
148            android:excludeFromRecents="true"
148-->[com.google.firebase:firebase-auth:23.2.0] AndroidManifest.xml:31:13-46
149            android:exported="true"
149-->[com.google.firebase:firebase-auth:23.2.0] AndroidManifest.xml:32:13-36
150            android:launchMode="singleTask"
150-->[com.google.firebase:firebase-auth:23.2.0] AndroidManifest.xml:33:13-44
151            android:theme="@android:style/Theme.Translucent.NoTitleBar" >
151-->[com.google.firebase:firebase-auth:23.2.0] AndroidManifest.xml:34:13-72
152            <intent-filter>
152-->[com.google.firebase:firebase-auth:23.2.0] AndroidManifest.xml:35:13-45:29
153                <action android:name="android.intent.action.VIEW" />
153-->[com.google.firebase:firebase-auth:23.2.0] AndroidManifest.xml:36:17-69
153-->[com.google.firebase:firebase-auth:23.2.0] AndroidManifest.xml:36:25-66
154
155                <category android:name="android.intent.category.DEFAULT" />
155-->[com.google.firebase:firebase-auth:23.2.0] AndroidManifest.xml:38:17-76
155-->[com.google.firebase:firebase-auth:23.2.0] AndroidManifest.xml:38:27-73
156                <category android:name="android.intent.category.BROWSABLE" />
156-->[com.google.firebase:firebase-auth:23.2.0] AndroidManifest.xml:39:17-78
156-->[com.google.firebase:firebase-auth:23.2.0] AndroidManifest.xml:39:27-75
157
158                <data
158-->src/main/AndroidManifest.xml:42:13-50
159                    android:host="firebase.auth"
160                    android:path="/"
161                    android:scheme="genericidp" />
162            </intent-filter>
163        </activity>
164        <activity
164-->[com.google.firebase:firebase-auth:23.2.0] AndroidManifest.xml:47:9-64:20
165            android:name="com.google.firebase.auth.internal.RecaptchaActivity"
165-->[com.google.firebase:firebase-auth:23.2.0] AndroidManifest.xml:48:13-79
166            android:excludeFromRecents="true"
166-->[com.google.firebase:firebase-auth:23.2.0] AndroidManifest.xml:49:13-46
167            android:exported="true"
167-->[com.google.firebase:firebase-auth:23.2.0] AndroidManifest.xml:50:13-36
168            android:launchMode="singleTask"
168-->[com.google.firebase:firebase-auth:23.2.0] AndroidManifest.xml:51:13-44
169            android:theme="@android:style/Theme.Translucent.NoTitleBar" >
169-->[com.google.firebase:firebase-auth:23.2.0] AndroidManifest.xml:52:13-72
170            <intent-filter>
170-->[com.google.firebase:firebase-auth:23.2.0] AndroidManifest.xml:53:13-63:29
171                <action android:name="android.intent.action.VIEW" />
171-->[com.google.firebase:firebase-auth:23.2.0] AndroidManifest.xml:36:17-69
171-->[com.google.firebase:firebase-auth:23.2.0] AndroidManifest.xml:36:25-66
172
173                <category android:name="android.intent.category.DEFAULT" />
173-->[com.google.firebase:firebase-auth:23.2.0] AndroidManifest.xml:38:17-76
173-->[com.google.firebase:firebase-auth:23.2.0] AndroidManifest.xml:38:27-73
174                <category android:name="android.intent.category.BROWSABLE" />
174-->[com.google.firebase:firebase-auth:23.2.0] AndroidManifest.xml:39:17-78
174-->[com.google.firebase:firebase-auth:23.2.0] AndroidManifest.xml:39:27-75
175
176                <data
176-->src/main/AndroidManifest.xml:42:13-50
177                    android:host="firebase.auth"
178                    android:path="/"
179                    android:scheme="recaptcha" />
180            </intent-filter>
181        </activity>
182
183        <provider
183-->[:image_picker_android] AndroidManifest.xml:9:9-17:20
184            android:name="io.flutter.plugins.imagepicker.ImagePickerFileProvider"
184-->[:image_picker_android] AndroidManifest.xml:10:13-82
185            android:authorities="com.example.cherry_mvp.flutter.image_provider"
185-->[:image_picker_android] AndroidManifest.xml:11:13-74
186            android:exported="false"
186-->[:image_picker_android] AndroidManifest.xml:12:13-37
187            android:grantUriPermissions="true" >
187-->[:image_picker_android] AndroidManifest.xml:13:13-47
188            <meta-data
188-->[:image_picker_android] AndroidManifest.xml:14:13-16:75
189                android:name="android.support.FILE_PROVIDER_PATHS"
189-->[:image_picker_android] AndroidManifest.xml:15:17-67
190                android:resource="@xml/flutter_image_picker_file_paths" />
190-->[:image_picker_android] AndroidManifest.xml:16:17-72
191        </provider> <!-- Trigger Google Play services to install the backported photo picker module. -->
192        <service
192-->[:image_picker_android] AndroidManifest.xml:19:9-31:19
193            android:name="com.google.android.gms.metadata.ModuleDependencies"
193-->[:image_picker_android] AndroidManifest.xml:20:13-78
194            android:enabled="false"
194-->[:image_picker_android] AndroidManifest.xml:21:13-36
195            android:exported="false" >
195-->[:image_picker_android] AndroidManifest.xml:22:13-37
196            <intent-filter>
196-->[:image_picker_android] AndroidManifest.xml:24:13-26:29
197                <action android:name="com.google.android.gms.metadata.MODULE_DEPENDENCIES" />
197-->[:image_picker_android] AndroidManifest.xml:25:17-94
197-->[:image_picker_android] AndroidManifest.xml:25:25-91
198            </intent-filter>
199
200            <meta-data
200-->[:image_picker_android] AndroidManifest.xml:28:13-30:36
201                android:name="photopicker_activity:0:required"
201-->[:image_picker_android] AndroidManifest.xml:29:17-63
202                android:value="" />
202-->[:image_picker_android] AndroidManifest.xml:30:17-33
203        </service>
204        <service
204-->[androidx.credentials:credentials-play-services-auth:1.2.0-rc01] AndroidManifest.xml:24:9-32:19
205            android:name="androidx.credentials.playservices.CredentialProviderMetadataHolder"
205-->[androidx.credentials:credentials-play-services-auth:1.2.0-rc01] AndroidManifest.xml:25:13-94
206            android:enabled="true"
206-->[androidx.credentials:credentials-play-services-auth:1.2.0-rc01] AndroidManifest.xml:26:13-35
207            android:exported="false" >
207-->[androidx.credentials:credentials-play-services-auth:1.2.0-rc01] AndroidManifest.xml:27:13-37
208            <meta-data
208-->[androidx.credentials:credentials-play-services-auth:1.2.0-rc01] AndroidManifest.xml:29:13-31:104
209                android:name="androidx.credentials.CREDENTIAL_PROVIDER_KEY"
209-->[androidx.credentials:credentials-play-services-auth:1.2.0-rc01] AndroidManifest.xml:30:17-76
210                android:value="androidx.credentials.playservices.CredentialProviderPlayServicesImpl" />
210-->[androidx.credentials:credentials-play-services-auth:1.2.0-rc01] AndroidManifest.xml:31:17-101
211        </service>
212
213        <activity
213-->[androidx.credentials:credentials-play-services-auth:1.2.0-rc01] AndroidManifest.xml:34:9-41:20
214            android:name="androidx.credentials.playservices.HiddenActivity"
214-->[androidx.credentials:credentials-play-services-auth:1.2.0-rc01] AndroidManifest.xml:35:13-76
215            android:configChanges="orientation|screenSize|screenLayout|keyboardHidden"
215-->[androidx.credentials:credentials-play-services-auth:1.2.0-rc01] AndroidManifest.xml:36:13-87
216            android:enabled="true"
216-->[androidx.credentials:credentials-play-services-auth:1.2.0-rc01] AndroidManifest.xml:37:13-35
217            android:exported="false"
217-->[androidx.credentials:credentials-play-services-auth:1.2.0-rc01] AndroidManifest.xml:38:13-37
218            android:fitsSystemWindows="true"
218-->[androidx.credentials:credentials-play-services-auth:1.2.0-rc01] AndroidManifest.xml:39:13-45
219            android:theme="@style/Theme.Hidden" >
219-->[androidx.credentials:credentials-play-services-auth:1.2.0-rc01] AndroidManifest.xml:40:13-48
220        </activity>
221        <activity
221-->[com.google.android.gms:play-services-auth:21.0.0] AndroidManifest.xml:23:9-27:75
222            android:name="com.google.android.gms.auth.api.signin.internal.SignInHubActivity"
222-->[com.google.android.gms:play-services-auth:21.0.0] AndroidManifest.xml:24:13-93
223            android:excludeFromRecents="true"
223-->[com.google.android.gms:play-services-auth:21.0.0] AndroidManifest.xml:25:13-46
224            android:exported="false"
224-->[com.google.android.gms:play-services-auth:21.0.0] AndroidManifest.xml:26:13-37
225            android:theme="@android:style/Theme.Translucent.NoTitleBar" />
225-->[com.google.android.gms:play-services-auth:21.0.0] AndroidManifest.xml:27:13-72
226        <!--
227            Service handling Google Sign-In user revocation. For apps that do not integrate with
228            Google Sign-In, this service will never be started.
229        -->
230        <service
230-->[com.google.android.gms:play-services-auth:21.0.0] AndroidManifest.xml:33:9-37:51
231            android:name="com.google.android.gms.auth.api.signin.RevocationBoundService"
231-->[com.google.android.gms:play-services-auth:21.0.0] AndroidManifest.xml:34:13-89
232            android:exported="true"
232-->[com.google.android.gms:play-services-auth:21.0.0] AndroidManifest.xml:35:13-36
233            android:permission="com.google.android.gms.auth.api.signin.permission.REVOCATION_NOTIFICATION"
233-->[com.google.android.gms:play-services-auth:21.0.0] AndroidManifest.xml:36:13-107
234            android:visibleToInstantApps="true" />
234-->[com.google.android.gms:play-services-auth:21.0.0] AndroidManifest.xml:37:13-48
235
236        <provider
236-->[com.google.firebase:firebase-common:21.0.0] AndroidManifest.xml:23:9-28:39
237            android:name="com.google.firebase.provider.FirebaseInitProvider"
237-->[com.google.firebase:firebase-common:21.0.0] AndroidManifest.xml:24:13-77
238            android:authorities="com.example.cherry_mvp.firebaseinitprovider"
238-->[com.google.firebase:firebase-common:21.0.0] AndroidManifest.xml:25:13-72
239            android:directBootAware="true"
239-->[com.google.firebase:firebase-common:21.0.0] AndroidManifest.xml:26:13-43
240            android:exported="false"
240-->[com.google.firebase:firebase-common:21.0.0] AndroidManifest.xml:27:13-37
241            android:initOrder="100" />
241-->[com.google.firebase:firebase-common:21.0.0] AndroidManifest.xml:28:13-36
242
243        <activity
243-->[com.google.android.gms:play-services-base:18.1.0] AndroidManifest.xml:20:9-22:45
244            android:name="com.google.android.gms.common.api.GoogleApiActivity"
244-->[com.google.android.gms:play-services-base:18.1.0] AndroidManifest.xml:20:19-85
245            android:exported="false"
245-->[com.google.android.gms:play-services-base:18.1.0] AndroidManifest.xml:22:19-43
246            android:theme="@android:style/Theme.Translucent.NoTitleBar" />
246-->[com.google.android.gms:play-services-base:18.1.0] AndroidManifest.xml:21:19-78
247
248        <provider
248-->[androidx.lifecycle:lifecycle-process:2.7.0] AndroidManifest.xml:24:9-32:20
249            android:name="androidx.startup.InitializationProvider"
249-->[androidx.lifecycle:lifecycle-process:2.7.0] AndroidManifest.xml:25:13-67
250            android:authorities="com.example.cherry_mvp.androidx-startup"
250-->[androidx.lifecycle:lifecycle-process:2.7.0] AndroidManifest.xml:26:13-68
251            android:exported="false" >
251-->[androidx.lifecycle:lifecycle-process:2.7.0] AndroidManifest.xml:27:13-37
252            <meta-data
252-->[androidx.lifecycle:lifecycle-process:2.7.0] AndroidManifest.xml:29:13-31:52
253                android:name="androidx.lifecycle.ProcessLifecycleInitializer"
253-->[androidx.lifecycle:lifecycle-process:2.7.0] AndroidManifest.xml:30:17-78
254                android:value="androidx.startup" />
254-->[androidx.lifecycle:lifecycle-process:2.7.0] AndroidManifest.xml:31:17-49
255            <meta-data
255-->[androidx.profileinstaller:profileinstaller:1.3.1] AndroidManifest.xml:29:13-31:52
256                android:name="androidx.profileinstaller.ProfileInstallerInitializer"
256-->[androidx.profileinstaller:profileinstaller:1.3.1] AndroidManifest.xml:30:17-85
257                android:value="androidx.startup" />
257-->[androidx.profileinstaller:profileinstaller:1.3.1] AndroidManifest.xml:31:17-49
258        </provider>
259
260        <uses-library
260-->[androidx.window:window:1.2.0] AndroidManifest.xml:23:9-25:40
261            android:name="androidx.window.extensions"
261-->[androidx.window:window:1.2.0] AndroidManifest.xml:24:13-54
262            android:required="false" />
262-->[androidx.window:window:1.2.0] AndroidManifest.xml:25:13-37
263        <uses-library
263-->[androidx.window:window:1.2.0] AndroidManifest.xml:26:9-28:40
264            android:name="androidx.window.sidecar"
264-->[androidx.window:window:1.2.0] AndroidManifest.xml:27:13-51
265            android:required="false" />
265-->[androidx.window:window:1.2.0] AndroidManifest.xml:28:13-37
266
267        <meta-data
267-->[com.google.android.gms:play-services-basement:18.4.0] AndroidManifest.xml:6:9-122
268            android:name="com.google.android.gms.version"
268-->[com.google.android.gms:play-services-basement:18.4.0] AndroidManifest.xml:6:20-65
269            android:value="@integer/google_play_services_version" />
269-->[com.google.android.gms:play-services-basement:18.4.0] AndroidManifest.xml:6:66-119
270
271        <receiver
271-->[androidx.profileinstaller:profileinstaller:1.3.1] AndroidManifest.xml:34:9-52:20
272            android:name="androidx.profileinstaller.ProfileInstallReceiver"
272-->[androidx.profileinstaller:profileinstaller:1.3.1] AndroidManifest.xml:35:13-76
273            android:directBootAware="false"
273-->[androidx.profileinstaller:profileinstaller:1.3.1] AndroidManifest.xml:36:13-44
274            android:enabled="true"
274-->[androidx.profileinstaller:profileinstaller:1.3.1] AndroidManifest.xml:37:13-35
275            android:exported="true"
275-->[androidx.profileinstaller:profileinstaller:1.3.1] AndroidManifest.xml:38:13-36
276            android:permission="android.permission.DUMP" >
276-->[androidx.profileinstaller:profileinstaller:1.3.1] AndroidManifest.xml:39:13-57
277            <intent-filter>
277-->[androidx.profileinstaller:profileinstaller:1.3.1] AndroidManifest.xml:40:13-42:29
278                <action android:name="androidx.profileinstaller.action.INSTALL_PROFILE" />
278-->[androidx.profileinstaller:profileinstaller:1.3.1] AndroidManifest.xml:41:17-91
278-->[androidx.profileinstaller:profileinstaller:1.3.1] AndroidManifest.xml:41:25-88
279            </intent-filter>
280            <intent-filter>
280-->[androidx.profileinstaller:profileinstaller:1.3.1] AndroidManifest.xml:43:13-45:29
281                <action android:name="androidx.profileinstaller.action.SKIP_FILE" />
281-->[androidx.profileinstaller:profileinstaller:1.3.1] AndroidManifest.xml:44:17-85
281-->[androidx.profileinstaller:profileinstaller:1.3.1] AndroidManifest.xml:44:25-82
282            </intent-filter>
283            <intent-filter>
283-->[androidx.profileinstaller:profileinstaller:1.3.1] AndroidManifest.xml:46:13-48:29
284                <action android:name="androidx.profileinstaller.action.SAVE_PROFILE" />
284-->[androidx.profileinstaller:profileinstaller:1.3.1] AndroidManifest.xml:47:17-88
284-->[androidx.profileinstaller:profileinstaller:1.3.1] AndroidManifest.xml:47:25-85